\BOOKMARK [1][-]{section.1}{\376\377\000A\000u\000l\000a\000\040\0000\0000\000\040\000-\000\040\0002\0003\000/\0000\0003\000/\0002\0000\0002\0003}{}% 1
\BOOKMARK [1][-]{section.2}{\376\377\000A\000u\000l\000a\000\040\0000\0001\000\040\000-\000\040\0002\0007\000/\0000\0003\000/\0002\0000\0002\0003}{}% 2
\BOOKMARK [2][-]{subsection.2.1}{\376\377\000M\000o\000v\000i\000m\000e\000n\000t\000o\000s\000\040\0001\000D}{section.2}% 3
\BOOKMARK [1][-]{section.3}{\376\377\000A\000u\000l\000a\000\040\0000\0002\000\040\000-\000\040\0002\0009\000/\0000\0003\000/\0002\0000\0002\0003}{}% 4
\BOOKMARK [2][-]{subsection.3.1}{\376\377\000M\000o\000t\000i\000v\000a\000\347\000\365\000e\000s}{section.3}% 5
\BOOKMARK [2][-]{subsection.3.2}{\376\377\000A\000c\000e\000l\000e\000r\000a\000\347\000\343\000o}{section.3}% 6
\BOOKMARK [2][-]{subsection.3.3}{\376\377\000M\000o\000v\000i\000m\000e\000n\000t\000o\000\040\000R\000e\000t\000i\000l\000\355\000n\000e\000o\000\040\000U\000n\000i\000f\000o\000r\000m\000e\000m\000e\000n\000t\000e\000\040\000V\000a\000r\000i\000a\000d\000o\000.}{section.3}% 7
\BOOKMARK [1][-]{section.4}{\376\377\000\040\000A\000u\000l\000a\000\040\0000\0003\000\040\000-\000\040\0003\0000\000/\0000\0003\000/\0002\0000\0002\0003}{}% 8
\BOOKMARK [2][-]{subsection.4.1}{\376\377\000M\000o\000t\000i\000v\000a\000\347\000\365\000e\000s}{section.4}% 9
\BOOKMARK [2][-]{subsection.4.2}{\376\377\000E\000x\000e\000r\000c\000\355\000c\000i\000o\000\040\0002\0009\000\040\000-\000\040\000T\000i\000p\000l\000e\000r}{section.4}% 10
\BOOKMARK [2][-]{subsection.4.3}{\376\377\000E\000x\000e\000r\000c\000\355\000c\000i\000o\000\040\0004\0004\000\040\000-\000\040\000T\000i\000p\000l\000e\000r}{section.4}% 11
\BOOKMARK [2][-]{subsection.4.4}{\376\377\000E\000x\000e\000r\000c\000\355\000c\000i\000o\000\040\0005\0008\000\040\000-\000\040\000T\000i\000p\000l\000e\000r}{section.4}% 12
\BOOKMARK [2][-]{subsection.4.5}{\376\377\000E\000x\000e\000r\000c\000\355\000c\000i\000o\000\040\0006\0007\000\040\000-\000\040\000T\000i\000p\000l\000e\000r}{section.4}% 13
\BOOKMARK [2][-]{subsection.4.6}{\376\377\000E\000x\000e\000r\000c\000\355\000c\000i\000o\000\040\0007\0002\000\040\000-\000\040\000T\000i\000p\000l\000e\000r}{section.4}% 14
\BOOKMARK [2][-]{subsection.4.7}{\376\377\000E\000x\000e\000m\000p\000l\000o\000\040\000-\000\040\000A\000u\000l\000a\000\040\0000\0006\000\040\000V\000a\000n\000d\000e\000r\000l\000e\000i}{section.4}% 15
\BOOKMARK [1][-]{section.5}{\376\377\000A\000u\000l\000a\000\040\0000\0004\000\040\000-\000\040\0001\0000\000/\0000\0004\000/\0002\0000\0002\0003}{}% 16
\BOOKMARK [2][-]{subsection.5.1}{\376\377\000M\000o\000t\000i\000v\000a\000\347\000\365\000e\000s}{section.5}% 17
\BOOKMARK [2][-]{subsection.5.2}{\376\377\000V\000e\000t\000o\000r\000e\000s}{section.5}% 18
\BOOKMARK [2][-]{subsection.5.3}{\376\377\000M\000o\000v\000i\000m\000e\000n\000t\000o\000\040\000U\000n\000i\000f\000o\000r\000m\000e\000\040\000B\000i\000d\000i\000m\000e\000n\000s\000i\000o\000n\000a\000l}{section.5}% 19
\BOOKMARK [1][-]{section.6}{\376\377\000A\000u\000l\000a\000\040\0000\0006\000\040\000-\000\040\0001\0003\000/\0000\0004\000/\0002\0000\0002\0003}{}% 20
\BOOKMARK [2][-]{subsection.6.1}{\376\377\000M\000o\000t\000i\000v\000a\000\347\000\365\000e\000s}{section.6}% 21
\BOOKMARK [2][-]{subsection.6.2}{\376\377\000M\000o\000v\000i\000m\000e\000n\000t\000o\000\040\000R\000e\000l\000a\000t\000i\000v\000o}{section.6}% 22
\BOOKMARK [1][-]{section.7}{\376\377\000A\000u\000l\000a\000\040\0007\000\040\000-\000\040\0001\0007\000/\0000\0003\000/\0002\0000\0002\0003}{}% 23
\BOOKMARK [2][-]{subsection.7.1}{\376\377\000M\000o\000t\000i\000v\000a\000\347\000\365\000e\000s}{section.7}% 24
\BOOKMARK [2][-]{subsection.7.2}{\376\377\000M\000o\000v\000i\000m\000e\000n\000t\000o\000\040\000C\000i\000r\000c\000u\000l\000a\000r}{section.7}% 25
\BOOKMARK [2][-]{subsection.7.3}{\376\377\000A\000c\000e\000l\000e\000r\000a\000\347\000\365\000e\000s\000\040\000n\000o\000\040\000M\000o\000v\000i\000m\000e\000n\000t\000o\000\040\000C\000i\000r\000c\000u\000l\000a\000r\000.}{section.7}% 26
\BOOKMARK [2][-]{subsection.7.4}{\376\377\000M\000o\000v\000i\000m\000e\000n\000t\000o\000\040\000C\000i\000r\000c\000u\000l\000a\000r\000\040\000U\000n\000i\000f\000o\000r\000m\000e}{section.7}% 27
\BOOKMARK [1][-]{section.8}{\376\377\000A\000u\000l\000a\000\040\0008\000\040\000-\000\040\0001\0009\000/\0000\0004\000/\0002\0000\0002\0003}{}% 28
\BOOKMARK [2][-]{subsection.8.1}{\376\377\000M\000o\000t\000i\000v\000a\000\347\000\365\000e\000s}{section.8}% 29
\BOOKMARK [2][-]{subsection.8.2}{\376\377\000E\000x\000e\000m\000p\000l\000o\000\040\000d\000e\000\040\000M\000C\000U\000\040\000-\000\040\0006\0007\000\040\000T\000i\000p\000l\000e\000s}{section.8}% 30
\BOOKMARK [2][-]{subsection.8.3}{\376\377\000D\000i\000n\000\342\000m\000i\000c\000a\000\040\000e\000\040\000L\000e\000i\000s\000\040\000d\000e\000\040\000N\000e\000w\000t\000o\000n}{section.8}% 31
\BOOKMARK [3][-]{subsubsection.8.3.1}{\376\377\000O\000\040\000q\000u\000e\000\040\000e\000s\000p\000e\000r\000a\000r}{subsection.8.3}% 32
\BOOKMARK [3][-]{subsubsection.8.3.2}{\376\377\000L\000e\000i\000s\000\040\000d\000e\000\040\000N\000e\000w\000t\000o\000n}{subsection.8.3}% 33
\BOOKMARK [3][-]{subsubsection.8.3.3}{\376\377\000E\000x\000e\000m\000p\000l\000o\000\040\0004\000.\0002\000\040\000-\000\040\000T\000i\000p\000l\000e\000r}{subsection.8.3}% 34
\BOOKMARK [1][-]{section.9}{\376\377\000A\000u\000l\000a\000\040\0000\0009\000\040\000-\000\040\0002\0000\000/\0000\0004\000/\0002\0000\0002\0003}{}% 35
\BOOKMARK [1][-]{section.10}{\376\377\000A\000u\000l\000a\000\040\0001\0000\000\040\000-\000\040\0002\0004\000/\0000\0004\000/\0002\0000\0002\0003}{}% 36
\BOOKMARK [2][-]{subsection.10.1}{\376\377\000O\000\040\000q\000u\000e\000\040\000e\000s\000p\000e\000r\000a\000r\000?}{section.10}% 37
\BOOKMARK [2][-]{subsection.10.2}{\376\377\000M\000o\000t\000i\000v\000a\000\347\000\343\000o}{section.10}% 38
\BOOKMARK [2][-]{subsection.10.3}{\376\377\000T\000i\000p\000o\000s\000\040\000d\000e\000\040\000F\000o\000r\000\347\000a}{section.10}% 39
\BOOKMARK [3][-]{subsubsection.10.3.1}{\376\377\000A\000s\000\040\000Q\000u\000a\000t\000r\000o\000\040\000F\000o\000r\000\347\000a\000s\000\040\000F\000u\000n\000d\000a\000m\000e\000n\000t\000a\000i\000s\000\040\000d\000e\000\040\000F\000o\000r\000m\000a\000\040\000B\000r\000e\000v\000e}{subsection.10.3}% 40
\BOOKMARK [3][-]{subsubsection.10.3.2}{\376\377\000F\000o\000r\000\347\000a\000\040\000P\000e\000s\000o}{subsection.10.3}% 41
\BOOKMARK [3][-]{subsubsection.10.3.3}{\376\377\000F\000o\000r\000\347\000a\000\040\000N\000o\000r\000m\000a\000l}{subsection.10.3}% 42
\BOOKMARK [1][-]{section.11}{\376\377\000A\000u\000l\000a\000\040\0001\0001\000\040\000-\000\040\0002\0005\000/\0000\0004\000/\0002\0000\0002\0003\000\040\000\050\000I\000N\000C\000O\000M\000P\000L\000E\000T\000O\000!\000!\000!\000\051}{}% 43
\BOOKMARK [2][-]{subsection.11.1}{\376\377\000O\000\040\000q\000u\000e\000\040\000e\000s\000p\000e\000r\000a\000r\000?}{section.11}% 44
\BOOKMARK [2][-]{subsection.11.2}{\376\377\000F\000o\000r\000\347\000a\000\040\000d\000e\000\040\000T\000e\000n\000s\000\343\000o}{section.11}% 45
\BOOKMARK [1][-]{section.12}{\376\377\000A\000u\000l\000a\000\040\0001\0002\000\040\000-\000\040\0002\0007\000/\0000\0004\000/\0002\0000\0002\0003}{}% 46
\BOOKMARK [2][-]{subsection.12.1}{\376\377\000O\000\040\000q\000u\000e\000\040\000e\000s\000p\000e\000r\000a\000r\000?}{section.12}% 47
\BOOKMARK [2][-]{subsection.12.2}{\376\377\000F\000o\000r\000\347\000a\000\040\000d\000e\000\040\000M\000o\000l\000a}{section.12}% 48
\BOOKMARK [2][-]{subsection.12.3}{\376\377\000F\000o\000r\000\347\000a\000\040\000d\000e\000\040\000T\000r\000a\000\347\000\343\000o}{section.12}% 49
\BOOKMARK [1][-]{section.13}{\376\377\000A\000u\000l\000a\000\040\0001\0003\000\040\000-\000\040\0000\0003\000/\0000\0005\000/\0002\0000\0002\0003}{}% 50
\BOOKMARK [2][-]{subsection.13.1}{\376\377\000O\000\040\000q\000u\000e\000\040\000E\000s\000p\000e\000r\000a\000r\000?}{section.13}% 51
\BOOKMARK [2][-]{subsection.13.2}{\376\377\000C\000i\000n\000e\000m\000\341\000t\000i\000c\000a}{section.13}% 52
\BOOKMARK [3][-]{subsubsection.13.2.1}{\376\377\000M\000o\000v\000i\000m\000e\000n\000t\000o\000\040\000U\000n\000i\000d\000i\000m\000e\000n\000s\000i\000o\000n\000a\000l}{subsection.13.2}% 53
\BOOKMARK [3][-]{subsubsection.13.2.2}{\376\377\000M\000o\000v\000i\000m\000e\000n\000t\000o\000\040\000B\000i\000d\000i\000m\000e\000n\000s\000i\000o\000n\000a\000l}{subsection.13.2}% 54
\BOOKMARK [3][-]{subsubsection.13.2.3}{\376\377\000T\000r\000a\000j\000e\000t\000\363\000r\000i\000a\000\040\000d\000e\000\040\000P\000r\000o\000j\000\351\000t\000e\000i\000s}{subsection.13.2}% 55
\BOOKMARK [3][-]{subsubsection.13.2.4}{\376\377\000M\000o\000v\000i\000m\000e\000n\000t\000o\000\040\000C\000i\000r\000c\000u\000l\000a\000r}{subsection.13.2}% 56
\BOOKMARK [2][-]{subsection.13.3}{\376\377\000R\000e\000v\000i\000s\000\343\000o\000\040\000d\000e\000\040\000D\000i\000n\000\342\000m\000i\000c\000a}{section.13}% 57
\BOOKMARK [3][-]{subsubsection.13.3.1}{\376\377\000L\000e\000i\000s\000\040\000d\000e\000\040\000N\000e\000w\000t\000o\000n}{subsection.13.3}% 58
\BOOKMARK [3][-]{subsubsection.13.3.2}{\376\377\000T\000i\000p\000o\000s\000\040\000d\000e\000\040\000F\000o\000r\000\347\000a}{subsection.13.3}% 59
\BOOKMARK [2][-]{subsection.13.4}{\376\377\000E\000x\000e\000m\000p\000l\000o\000s}{section.13}% 60
