\BOOKMARK [1][-]{section.1}{\376\377\000A\000u\000l\000a\000\040\0000\0001\000\040\000-\000\040\0000\0003\000/\0000\0001\000/\0002\0000\0002\0003}{}% 1
\BOOKMARK [2][-]{subsection.1.1}{\376\377\000M\000o\000t\000i\000v\000a\000\347\000\365\000e\000s}{section.1}% 2
\BOOKMARK [2][-]{subsection.1.2}{\376\377\000D\000e\000f\000i\000n\000i\000\347\000\365\000e\000s\000\040\000B\000\341\000s\000i\000c\000a\000s}{section.1}% 3
\BOOKMARK [3][-]{subsubsection.1.2.1}{\376\377\000U\000n\000i\000c\000i\000d\000a\000d\000e}{subsection.1.2}% 4
\BOOKMARK [3][-]{subsubsection.1.2.2}{\376\377\000S\000u\000b\000c\000o\000r\000p\000o}{subsection.1.2}% 5
\BOOKMARK [3][-]{subsubsection.1.2.3}{\376\377\000E\000s\000t\000r\000u\000t\000u\000r\000a\000\040\000A\000l\000g\000\351\000b\000r\000i\000c\000a\000\040\000I\000n\000d\000e\000p\000e\000n\000d\000e\000\040\000d\000e\000\040\000F}{subsection.1.2}% 6
\BOOKMARK [3][-]{subsubsection.1.2.4}{\376\377\000E\000x\000i\000s\000t\000\352\000n\000c\000i\000a}{subsection.1.2}% 7
\BOOKMARK [2][-]{subsection.1.3}{\376\377\000R\000e\000p\000r\000e\000s\000e\000n\000t\000a\000\347\000\343\000o\000\040\000P\000o\000l\000a\000r\000\040\000d\000e\000\040\000C}{section.1}% 8
\BOOKMARK [2][-]{subsection.1.4}{\376\377\000A\000\040\000E\000s\000f\000e\000r\000a\000\040\000d\000e\000\040\000R\000i\000e\000m\000a\000n\000n}{section.1}% 9
\BOOKMARK [2][-]{subsection.1.5}{\376\377\000T\000o\000p\000o\000l\000o\000g\000i\000a\000\040\000d\000e\000\040\000C}{section.1}% 10
\BOOKMARK [1][-]{section.2}{\376\377\000A\000u\000l\000a\000\040\0000\0002\000\040\000-\000\040\0000\0005\000/\0000\0001\000/\0002\0000\0002\0003}{}% 11
\BOOKMARK [2][-]{subsection.2.1}{\376\377\000M\000o\000t\000i\000v\000a\000\347\000\365\000e\000s}{section.2}% 12
\BOOKMARK [2][-]{subsection.2.2}{\376\377\000F\000i\000m\000\040\000d\000e\000\040\000C\000o\000n\000e\000x\000o\000s}{section.2}% 13
\BOOKMARK [2][-]{subsection.2.3}{\376\377\000S\000e\000q\000u\000\352\000n\000c\000i\000a\000s\000\040\000e\000\040\000C\000o\000m\000p\000l\000e\000t\000u\000d\000e}{section.2}% 14
\BOOKMARK [2][-]{subsection.2.4}{\376\377\000C\000o\000m\000p\000a\000c\000t\000o\000s}{section.2}% 15
\BOOKMARK [2][-]{subsection.2.5}{\376\377\000C\000o\000n\000t\000i\000n\000u\000i\000d\000a\000d\000e}{section.2}% 16
\BOOKMARK [2][-]{subsection.2.6}{\376\377\000C\000o\000n\000v\000e\000r\000g\000\352\000n\000c\000i\000a\000\040\000U\000n\000i\000f\000o\000r\000m\000e}{section.2}% 17
\BOOKMARK [1][-]{section.3}{\376\377\000A\000u\000l\000a\000\040\0000\0003\000\040\000-\000\040\0000\0006\000/\0000\0001\000/\0002\0000\0002\0003}{}% 18
\BOOKMARK [2][-]{subsection.3.1}{\376\377\000M\000o\000t\000i\000v\000a\000\347\000\365\000e\000s}{section.3}% 19
\BOOKMARK [2][-]{subsection.3.2}{\376\377\000S\000\351\000r\000i\000e\000s\000\040\000d\000e\000\040\000P\000o\000t\000\352\000n\000c\000i\000a\000s}{section.3}% 20
\BOOKMARK [2][-]{subsection.3.3}{\376\377\000F\000u\000n\000\347\000\365\000e\000s\000\040\000A\000n\000a\000l\000\355\000t\000i\000c\000a\000s}{section.3}% 21
\BOOKMARK [2][-]{subsection.3.4}{\376\377\000R\000a\000m\000o\000s\000\040\000d\000e\000\040\000F\000u\000n\000\347\000\365\000e\000s\000\040\000I\000n\000v\000e\000r\000s\000a\000s}{section.3}% 22
\BOOKMARK [1][-]{section.4}{\376\377\000A\000u\000l\000a\000\040\0000\0004\000\040\000-\000\040\0000\0009\000/\0000\0001\000/\0002\0000\0002\0003}{}% 23
\BOOKMARK [2][-]{subsection.4.1}{\376\377\000M\000o\000t\000i\000v\000a\000\347\000\365\000e\000s}{section.4}% 24
\BOOKMARK [2][-]{subsection.4.2}{\376\377\000E\000q\000u\000a\000\347\000\365\000e\000s\000\040\000d\000e\000\040\000C\000a\000u\000c\000h\000y\000-\000R\000i\000e\000m\000a\000n\000n}{section.4}% 25
\BOOKMARK [2][-]{subsection.4.3}{\376\377\000F\000u\000n\000\347\000\365\000e\000s\000\040\000H\000a\000r\000m\000\364\000n\000i\000c\000a\000s}{section.4}% 26
\BOOKMARK [2][-]{subsection.4.4}{\376\377\000T\000r\000a\000n\000s\000f\000o\000r\000m\000a\000\347\000\365\000e\000s\000\040\000C\000o\000n\000f\000o\000r\000m\000e\000s}{section.4}% 27
\BOOKMARK [1][-]{section.5}{\376\377\000A\000u\000l\000a\000\040\0000\0005\000\040\000-\000\040\0001\0000\000/\0000\0001\000/\0002\0000\0002\0003}{}% 28
\BOOKMARK [2][-]{subsection.5.1}{\376\377\000M\000o\000t\000i\000v\000a\000\347\000\365\000e\000s}{section.5}% 29
\BOOKMARK [2][-]{subsection.5.2}{\376\377\000T\000r\000a\000n\000s\000f\000o\000r\000m\000a\000\347\000\365\000e\000s\000\040\000d\000e\000\040\000M\000\366\000b\000i\000u\000s}{section.5}% 30
\BOOKMARK [1][-]{section.6}{\376\377\000A\000u\000l\000a\000\040\0000\0006\000\040\000-\000\040\0001\0002\000/\0000\0001\000/\0002\0000\0002\0003}{}% 31
\BOOKMARK [2][-]{subsection.6.1}{\376\377\000M\000o\000t\000i\000v\000a\000\347\000\365\000e\000s}{section.6}% 32
\BOOKMARK [2][-]{subsection.6.2}{\376\377\000E\000x\000e\000r\000c\000\355\000c\000i\000o\000s\000\040\000d\000e\000\040\000H\000o\000j\000e\000\040}{section.6}% 33
\BOOKMARK [3][-]{subsubsection.6.2.1}{\376\377\000J\000\351\000s\000s\000i\000c\000a}{subsection.6.2}% 34
\BOOKMARK [3][-]{subsubsection.6.2.2}{\376\377\000T\000i\000a\000g\000o}{subsection.6.2}% 35
\BOOKMARK [2][-]{subsection.6.3}{\376\377\000F\000i\000n\000a\000l\000\040\000d\000e\000\040\000T\000r\000a\000n\000s\000f\000o\000r\000m\000a\000\347\000\365\000e\000s\000\040\000d\000e\000\040\000M\000\366\000b\000i\000u\000s\000.}{section.6}% 36
\BOOKMARK [2][-]{subsection.6.4}{\376\377\000S\000i\000m\000e\000t\000r\000i\000a\000\040\000e\000\040\000O\000r\000i\000e\000n\000t\000a\000\347\000\343\000o\000.}{section.6}% 37
\BOOKMARK [1][-]{section.7}{\376\377\000A\000u\000l\000a\000\040\0000\0007\000\040\000-\000\040\0001\0003\000/\0000\0001\000/\0002\0000\0002\0003}{}% 38
\BOOKMARK [2][-]{subsection.7.1}{\376\377\000M\000o\000t\000i\000v\000a\000\347\000\365\000e\000s}{section.7}% 39
\BOOKMARK [2][-]{subsection.7.2}{\376\377\000E\000x\000e\000r\000c\000\355\000c\000i\000o\000s\000\040\000d\000e\000\040\000H\000o\000j\000e}{section.7}% 40
\BOOKMARK [3][-]{subsubsection.7.2.1}{\376\377\000A\000n\000a\000\040\000L\000\355\000d\000i\000a}{subsection.7.2}% 41
\BOOKMARK [3][-]{subsubsection.7.2.2}{\376\377\000J\000o\000\343\000o\000\040\000V\000i\000t\000o\000r\000\040\000O\000c\000c\000h\000i\000u\000c\000c\000i}{subsection.7.2}% 42
\BOOKMARK [2][-]{subsection.7.3}{\376\377\000C\000o\000n\000t\000i\000n\000u\000a\000n\000d\000o\000\040\000S\000i\000m\000e\000t\000r\000i\000a\000s}{section.7}% 43
\BOOKMARK [2][-]{subsection.7.4}{\376\377\000I\000n\000t\000e\000g\000r\000a\000\347\000\343\000o\000\040\000C\000o\000m\000p\000l\000e\000x\000a}{section.7}% 44
\BOOKMARK [3][-]{subsubsection.7.4.1}{\376\377\000F\000u\000n\000\347\000\365\000e\000s\000\040\000d\000e\000\040\000V\000a\000r\000i\000a\000\347\000\343\000o\000\040\000L\000i\000m\000i\000t\000a\000d\000a\000\040\000\050\000B\000V\000\040\000-\000\040\000B\000o\000u\000n\000d\000e\000d\000\040\000V\000a\000r\000i\000a\000t\000i\000o\000n\000\051}{subsection.7.4}% 45
\BOOKMARK [1][-]{section.8}{\376\377\000A\000u\000l\000a\000\040\0000\0008\000\040\000-\000\040\0001\0006\000/\0000\0001\000/\0002\0000\0002\0003}{}% 46
\BOOKMARK [2][-]{subsection.8.1}{\376\377\000M\000o\000t\000i\000v\000a\000\347\000\365\000e\000s}{section.8}% 47
\BOOKMARK [2][-]{subsection.8.2}{\376\377\000F\000i\000n\000a\000l\000i\000z\000a\000n\000d\000o\000\040\000F\000u\000n\000\347\000\365\000e\000s\000\040\000B\000V\000'\000s}{section.8}% 48
\BOOKMARK [2][-]{subsection.8.3}{\376\377\000I\000n\000t\000e\000g\000r\000a\000i\000s\000\040\000d\000e\000\040\000L\000i\000n\000h\000a}{section.8}% 49
\BOOKMARK [2][-]{subsection.8.4}{\376\377\000V\000e\000r\000s\000\343\000o\000\040\000I\000n\000t\000r\000o\000d\000u\000t\000\363\000r\000i\000a\000\040\000d\000a\000\040\000F\000\363\000r\000m\000u\000l\000a\000\040\000I\000n\000t\000e\000g\000r\000a\000l\000\040\000d\000e\000\040\000C\000a\000u\000c\000h\000y}{section.8}% 50
\BOOKMARK [1][-]{section.9}{\376\377\000A\000u\000l\000a\000\040\0000\0009\000\040\000-\000\040\0001\0007\000/\0000\0001\000/\0002\0000\0002\0003}{}% 51
\BOOKMARK [2][-]{subsection.9.1}{\376\377\000M\000o\000t\000i\000v\000a\000\347\000\365\000e\000s}{section.9}% 52
\BOOKMARK [2][-]{subsection.9.2}{\376\377\000E\000x\000e\000r\000c\000\355\000c\000i\000o\000\040\000d\000e\000\040\000H\000o\000j\000e}{section.9}% 53
\BOOKMARK [3][-]{subsubsection.9.2.1}{\376\377\000E\000d\000s\000o\000n}{subsection.9.2}% 54
\BOOKMARK [2][-]{subsection.9.3}{\376\377\000F\000\363\000r\000m\000u\000l\000a\000\040\000I\000n\000t\000e\000g\000r\000a\000l\000\040\000d\000e\000\040\000C\000a\000u\000c\000h\000y\000\040\000-\000\040\000V\000e\000r\000s\000\343\000o\000\040\000I\000n\000t\000r\000o\000d\000u\000t\000\363\000r\000i\000a}{section.9}% 55
\BOOKMARK [2][-]{subsection.9.4}{\376\377\000Z\000e\000r\000o\000s\000\040\000d\000e\000\040\000F\000u\000n\000\347\000\365\000e\000s\000\040\000A\000n\000a\000l\000\355\000t\000i\000c\000a\000s}{section.9}% 56
\BOOKMARK [1][-]{section.10}{\376\377\000A\000u\000l\000a\000\040\0001\0000\000\040\000-\000\040\0001\0009\000/\0000\0001\000/\0002\0000\0002\0003}{}% 57
\BOOKMARK [2][-]{subsection.10.1}{\376\377\000M\000o\000t\000i\000v\000a\000\347\000\365\000e\000s}{section.10}% 58
\BOOKMARK [2][-]{subsection.10.2}{\376\377\000C\000o\000n\000t\000i\000n\000u\000a\000\347\000\343\000o\000\040\000d\000e\000\040\000Z\000e\000r\000o\000s\000\040\000d\000e\000\040\000F\000u\000n\000\347\000\365\000e\000s\000\040\000A\000n\000a\000l\000\355\000t\000i\000c\000a\000s}{section.10}% 59
\BOOKMARK [2][-]{subsection.10.3}{\376\377\000\315\000n\000d\000i\000c\000e\000\040\000d\000e\000\040\000C\000u\000r\000v\000a\000s\000\040\000F\000e\000c\000h\000a\000d\000a\000s}{section.10}% 60
\BOOKMARK [1][-]{section.11}{\376\377\000A\000u\000l\000a\000\040\000G\000r\000a\000v\000a\000d\000a\000\050\000f\000t\000.\000\040\000A\000r\000a\000M\000a\000t\000\051\000\040\000-\000\040\0002\0003\000/\0000\0001\000/\0002\0000\0002\0003}{}% 61
\BOOKMARK [2][-]{subsection.11.1}{\376\377\000\315\000n\000d\000i\000c\000e\000\040\000d\000e\000\040\000C\000u\000r\000v\000a\000\040\000F\000e\000c\000h\000a\000d\000a\000\040\000-\000\040\000C\000o\000n\000t\000i\000n\000u\000a\000n\000d\000o}{section.11}% 62
\BOOKMARK [2][-]{subsection.11.2}{\376\377\000T\000e\000o\000r\000e\000m\000a\000\040\000e\000\040\000F\000\363\000r\000m\000u\000l\000a\000s\000\040\000I\000n\000t\000e\000g\000r\000a\000i\000s\000\040\000d\000e\000\040\000C\000a\000u\000c\000h\000y}{section.11}% 63
\BOOKMARK [1][-]{section.12}{\376\377\000A\000u\000l\000a\000\040\0001\0001\000\040\000-\000\040\0002\0004\000/\0000\0001\000/\0002\0000\0002\0003}{}% 64
\BOOKMARK [2][-]{subsection.12.1}{\376\377\000M\000o\000t\000i\000v\000a\000\347\000\365\000e\000s}{section.12}% 65
\BOOKMARK [2][-]{subsection.12.2}{\376\377\000E\000x\000e\000r\000c\000\355\000c\000i\000o\000s\000\040\000d\000e\000\040\000H\000o\000j\000e}{section.12}% 66
\BOOKMARK [3][-]{subsubsection.12.2.1}{\376\377\000J\000o\000\343\000o}{subsection.12.2}% 67
\BOOKMARK [2][-]{subsection.12.3}{\376\377\000C\000o\000n\000s\000e\000q\000u\000\352\000n\000c\000i\000a\000s\000\040\000d\000a\000\040\000F\000\363\000r\000m\000u\000l\000a\000\040\000I\000n\000t\000e\000g\000r\000a\000l\000\040\000d\000e\000\040\000C\000a\000u\000c\000h\000y}{section.12}% 68
\BOOKMARK [1][-]{section.13}{\376\377\000A\000u\000l\000a\000\040\0001\0002\000\040\000-\000\040\0002\0006\000/\0000\0001\000/\0002\0000\0002\0003}{}% 69
\BOOKMARK [2][-]{subsection.13.1}{\376\377\000M\000o\000t\000i\000v\000a\000\347\000\365\000e\000s}{section.13}% 70
\BOOKMARK [2][-]{subsection.13.2}{\376\377\000E\000x\000e\000r\000c\000\355\000c\000i\000o\000s\000\040\000d\000o\000\040\000D\000i\000a}{section.13}% 71
\BOOKMARK [3][-]{subsubsection.13.2.1}{\376\377\000F\000r\000a\000n\000c\000i\000s\000c\000o\000\040\000J\000o\000n\000a\000t\000\343}{subsection.13.2}% 72
\BOOKMARK [3][-]{subsubsection.13.2.2}{\376\377\000G\000a\000b\000r\000i\000e\000l\000\040\000P\000a\000s\000s\000a\000r\000e\000l\000i}{subsection.13.2}% 73
\BOOKMARK [2][-]{subsection.13.3}{\376\377\000V\000e\000r\000s\000\343\000o\000\040\000H\000o\000m\000o\000t\000\363\000p\000i\000c\000a\000\040\000d\000o\000\040\000T\000e\000o\000r\000e\000m\000a\000\040\000d\000e\000\040\000C\000a\000u\000c\000h\000y}{section.13}% 74
\BOOKMARK [1][-]{section.14}{\376\377\000A\000u\000l\000a\000\040\0001\0003\000\040\000-\000\040\0002\0007\000/\0000\0001\000/\0002\0000\0002\0003}{}% 75
\BOOKMARK [2][-]{subsection.14.1}{\376\377\000M\000o\000t\000i\000v\000a\000\347\000\365\000e\000s}{section.14}% 76
\BOOKMARK [2][-]{subsection.14.2}{\376\377\000T\000e\000o\000r\000e\000m\000a\000\040\000I\000n\000t\000e\000g\000r\000a\000l\000\040\000d\000e\000\040\000C\000a\000u\000c\000h\000y\000\040\000c\000o\000m\000\040\000V\000\341\000r\000i\000o\000s\000\040\000Z\000e\000r\000o\000s}{section.14}% 77
\BOOKMARK [2][-]{subsection.14.3}{\376\377\000T\000e\000o\000r\000e\000m\000a\000\040\000d\000a\000\040\000A\000p\000l\000i\000c\000a\000\347\000\343\000o\000\040\000A\000b\000e\000r\000t\000a}{section.14}% 78
\BOOKMARK [1][-]{section.15}{\376\377\000C\000O\000M\000E\000N\000T\000\301\000R\000I\000O\000\040\000\300\000\040\000P\000A\000R\000T\000E}{}% 79
\BOOKMARK [1][-]{section.16}{\376\377\000A\000u\000l\000a\000\040\0001\0004\000\040\000-\000\040\0003\0000\000/\0000\0001\000/\0002\0000\0002\0003\000\040\000-\000\040\000P\000e\000d\000r\000o\000\040\000R\000a\000n\000g\000e\000l\000,\000\040\000R\000e\000n\000a\000n\000\040\000W\000e\000n\000z\000e\000l\000,\000\040\000R\000o\000b\000e\000r\000t\000a\000\040\000A\000g\000n\000e\000s\000\040\000M\000e\000n\000d\000e\000s\000\040\000M\000e\000l\000o\000.}{}% 80
