\BOOKMARK [1][-]{section.1}{\376\377\000A\000u\000l\000a\000\040\0000\0001\000\040\000-\000\040\0001\0004\000/\0000\0003\000/\0002\0000\0002\0003}{}% 1
\BOOKMARK [2][-]{subsection.1.1}{\376\377\000M\000o\000t\000i\000v\000a\000\347\000\365\000e\000s}{section.1}% 2
\BOOKMARK [2][-]{subsection.1.2}{\376\377\000I\000n\000t\000r\000o\000d\000u\000\347\000\343\000o\000\040\000a\000o\000\040\000C\000u\000r\000s\000o}{section.1}% 3
\BOOKMARK [2][-]{subsection.1.3}{\376\377\000G\000r\000u\000p\000o\000s\000\040\000e\000\040\000O\000p\000e\000r\000a\000\347\000\365\000e\000s}{section.1}% 4
\BOOKMARK [1][-]{section.2}{\376\377\000A\000u\000l\000a\000\040\0000\0002\000\040\000-\000\040\0001\0006\000/\0000\0003\000/\0002\0000\0002\0003}{}% 5
\BOOKMARK [2][-]{subsection.2.1}{\376\377\000M\000o\000t\000i\000v\000a\000\347\000\365\000e\000s}{section.2}% 6
\BOOKMARK [2][-]{subsection.2.2}{\376\377\000U\000s\000o\000s\000\040\000d\000e\000\040\000G\000r\000u\000p\000o\000s}{section.2}% 7
\BOOKMARK [2][-]{subsection.2.3}{\376\377\000S\000u\000b\000g\000r\000u\000p\000o\000s}{section.2}% 8
\BOOKMARK [1][-]{section.3}{\376\377\000A\000u\000l\000a\000\040\0000\0003\000\040\000-\000\040\0002\0001\000/\0000\0003\000/\0002\0000\0002\0003}{}% 9
\BOOKMARK [2][-]{subsection.3.1}{\376\377\000M\000o\000t\000i\000v\000a\000\347\000\365\000e\000s}{section.3}% 10
\BOOKMARK [2][-]{subsection.3.2}{\376\377\000S\000u\000b\000g\000r\000u\000p\000o\000s\000\040\000-\000\040\000O\000u\000t\000r\000a\000s\000\040\000P\000r\000o\000p\000r\000i\000e\000d\000a\000d\000e\000s}{section.3}% 11
\BOOKMARK [1][-]{section.4}{\376\377\000A\000u\000l\000a\000\040\0000\0004\000\040\000-\000\040\0002\0003\000/\0000\0003\000/\0002\0000\0002\0003}{}% 12
\BOOKMARK [2][-]{subsection.4.1}{\376\377\000C\000i\000c\000l\000o\000s\000\040\000e\000\040\000G\000r\000u\000p\000o\000s\000\040\000d\000e\000\040\000P\000e\000r\000m\000u\000t\000a\000\347\000\343\000o}{section.4}% 13
\BOOKMARK [2][-]{subsection.4.2}{\376\377\000M\000o\000r\000f\000i\000s\000m\000o\000s\000\040\000d\000e\000\040\000G\000r\000u\000p\000o\000s}{section.4}% 14
\BOOKMARK [1][-]{section.5}{\376\377\000A\000u\000l\000a\000\040\0000\0005\000\040\000-\000\040\0003\0000\000/\0000\0003\000/\0002\0000\0002\0003}{}% 15
\BOOKMARK [2][-]{subsection.5.1}{\376\377\000M\000o\000t\000i\000v\000a\000\347\000\365\000e\000s}{section.5}% 16
\BOOKMARK [2][-]{subsection.5.2}{\376\377\000S\000u\000b\000g\000r\000u\000p\000o\000s\000\040\000N\000o\000r\000m\000a\000i\000s}{section.5}% 17
\BOOKMARK [1][-]{section.6}{\376\377\000A\000u\000l\000a\000\040\0000\0006\000\040\000-\000\040\0001\0001\000/\0000\0004\000/\0002\0000\0002\0003}{}% 18
\BOOKMARK [2][-]{subsection.6.1}{\376\377\000M\000o\000t\000i\000v\000a\000\347\000\365\000e\000s}{section.6}% 19
\BOOKMARK [2][-]{subsection.6.2}{\376\377\000C\000l\000a\000s\000s\000e\000\040\000d\000e\000\040\000E\000q\000u\000i\000v\000a\000l\000\352\000n\000c\000i\000a\000\040\000d\000e\000\040\000P\000a\000r\000t\000i\000\347\000\365\000e\000s}{section.6}% 20
\BOOKMARK [2][-]{subsection.6.3}{\376\377\000C\000l\000a\000s\000s\000e\000s\000\040\000L\000a\000t\000e\000r\000i\000a\000s\000\040\000e\000\040\000\315\000n\000d\000i\000c\000e\000s\000.}{section.6}% 21
\BOOKMARK [1][-]{section.7}{\376\377\000A\000u\000l\000a\000\040\0000\0007\000\040\000-\000\040\0001\0003\000/\0000\0004\000/\0002\0000\0002\0003}{}% 22
\BOOKMARK [2][-]{subsection.7.1}{\376\377\000M\000o\000t\000i\000v\000a\000\347\000\365\000e\000s}{section.7}% 23
\BOOKMARK [2][-]{subsection.7.2}{\376\377\000M\000a\000i\000s\000\040\000S\000o\000b\000r\000e\000\040\000M\000o\000r\000f\000i\000s\000m\000o\000s}{section.7}% 24
\BOOKMARK [2][-]{subsection.7.3}{\376\377\000T\000e\000o\000r\000e\000m\000a\000\040\000d\000a\000\040\000C\000o\000r\000r\000e\000s\000p\000o\000n\000d\000\352\000n\000c\000i\000a}{section.7}% 25
\BOOKMARK [1][-]{section.8}{\376\377\000A\000u\000l\000a\000\040\0000\0008\000\040\000-\000\040\0001\0008\000/\0000\0004\000/\0002\0000\0002\0003}{}% 26
\BOOKMARK [2][-]{subsection.8.1}{\376\377\000O\000\040\000Q\000u\000e\000\040\000E\000s\000p\000e\000r\000a\000r}{section.8}% 27
\BOOKMARK [2][-]{subsection.8.2}{\376\377\000M\000o\000t\000i\000v\000a\000\347\000\343\000o\000\040\000p\000a\000r\000a\000\040\000a\000\040\000A\000u\000l\000a}{section.8}% 28
\BOOKMARK [2][-]{subsection.8.3}{\376\377\000G\000r\000u\000p\000o\000s\000\040\000Q\000u\000o\000c\000i\000e\000n\000t\000e}{section.8}% 29
\BOOKMARK [2][-]{subsection.8.4}{\376\377\000P\000r\000i\000m\000e\000i\000r\000o\000\040\000T\000e\000o\000r\000e\000m\000a\000\040\000d\000o\000\040\000I\000s\000o\000m\000o\000r\000f\000i\000s\000m\000o}{section.8}% 30
\BOOKMARK [1][-]{section.9}{\376\377\000A\000u\000l\000a\000\040\0000\0009\000\040\000-\000\040\0002\0005\000/\0000\0004\000/\0002\0000\0002\0003}{}% 31
\BOOKMARK [2][-]{subsection.9.1}{\376\377\000O\000\040\000q\000u\000e\000\040\000e\000s\000p\000e\000r\000a\000r}{section.9}% 32
\BOOKMARK [2][-]{subsection.9.2}{\376\377\000M\000o\000t\000i\000v\000a\000\347\000\343\000o\000\040\000p\000a\000r\000a\000\040\000A\000u\000l\000a}{section.9}% 33
\BOOKMARK [2][-]{subsection.9.3}{\376\377\000I\000s\000o\000m\000e\000t\000r\000i\000a\000s}{section.9}% 34
\BOOKMARK [1][-]{section.10}{\376\377\000A\000u\000l\000a\000\040\0001\0000\000\040\000-\000\040\0002\0007\000/\0000\0004\000/\0002\0000\0002\0003}{}% 35
\BOOKMARK [2][-]{subsection.10.1}{\376\377\000O\000\040\000q\000u\000e\000\040\000e\000s\000p\000e\000r\000a\000r\000?}{section.10}% 36
\BOOKMARK [2][-]{subsection.10.2}{\376\377\000P\000r\000i\000n\000c\000i\000p\000a\000i\000s\000\040\000I\000s\000o\000m\000e\000t\000r\000i\000a\000s\000\040\000e\000m\000\040\000R\000n}{section.10}% 37
\BOOKMARK [1][-]{section.11}{\376\377\000A\000u\000l\000a\000\040\0001\0001\000\040\000-\000\040\0000\0002\000/\0000\0005\000/\0002\0000\0002\0003}{}% 38
\BOOKMARK [1][-]{section.12}{\376\377\000A\000u\000l\000a\000\040\0001\0002\000\040\000-\000\040\0000\0004\000/\0000\0005\000/\0002\0000\0002\0003}{}% 39
\BOOKMARK [2][-]{subsection.12.1}{\376\377\000O\000\040\000q\000u\000e\000\040\000e\000s\000p\000e\000r\000a\000r\000?}{section.12}% 40
\BOOKMARK [2][-]{subsection.12.2}{\376\377\000I\000s\000o\000m\000e\000t\000r\000i\000a\000s\000\040\000e\000m\000\040\000R\0002\000\040\000-\000\040\000R\000e\000l\000a\000\347\000\343\000o\000\040\000c\000o\000m\000\040\000a\000\040\000G\000e\000o\000m\000e\000t\000r\000i\000a\000.}{section.12}% 41
\BOOKMARK [1][-]{section.13}{\376\377\000A\000u\000l\000a\000\040\0001\0003\000\040\000-\000\040\0000\0009\000/\0000\0005\000/\0002\0000\0002\0003}{}% 42
\BOOKMARK [2][-]{subsection.13.1}{\376\377\000O\000\040\000q\000u\000e\000\040\000e\000s\000p\000e\000r\000a\000r\000?}{section.13}% 43
\BOOKMARK [2][-]{subsection.13.2}{\376\377\000G\000r\000u\000p\000o\000s\000\040\000D\000i\000e\000d\000r\000a\000i\000s}{section.13}% 44
\BOOKMARK [2][-]{subsection.13.3}{\376\377\000A\000\347\000\365\000e\000s\000\040\000d\000e\000\040\000G\000r\000u\000p\000o\000s}{section.13}% 45
\BOOKMARK [1][-]{section.14}{\376\377\000A\000u\000l\000a\000\040\000-\000\040\0001\0001\000/\0000\0005\000/\0002\0000\0002\0003}{}% 46
\BOOKMARK [2][-]{subsection.14.1}{\376\377\000O\000\040\000q\000u\000e\000\040\000e\000s\000p\000e\000r\000a\000r\000?}{section.14}% 47
\BOOKMARK [2][-]{subsection.14.2}{\376\377\000M\000o\000t\000i\000v\000a\000\347\000\343\000o}{section.14}% 48
\BOOKMARK [2][-]{subsection.14.3}{\376\377\000E\000s\000t\000a\000b\000i\000l\000i\000z\000a\000d\000o\000r\000e\000s}{section.14}% 49
\BOOKMARK [2][-]{subsection.14.4}{\376\377\000R\000e\000p\000r\000e\000s\000e\000n\000t\000a\000\347\000\365\000e\000s\000\040\000p\000o\000r\000\040\000P\000e\000r\000m\000u\000t\000a\000\347\000\365\000e\000s}{section.14}% 50
