\BOOKMARK [1][-]{section.0}{\376\377\000I\000n\000f\000o\000r\000m\000a\000\347\000\365\000e\000s\000\040\000\050\000P\000o\000s\000s\000i\000v\000e\000l\000m\000e\000n\000t\000e\000\051\000\040\000\332\000t\000e\000i\000s}{}% 1
\BOOKMARK [2][-]{subsection.0.1}{\376\377\000D\000a\000t\000a\000s\000\040\000d\000a\000s\000\040\000P\000r\000o\000v\000a\000s\000:}{section.0}% 2
\BOOKMARK [2][-]{subsection.0.2}{\376\377\000B\000i\000b\000l\000i\000o\000g\000r\000a\000f\000i\000a}{section.0}% 3
\BOOKMARK [1][-]{section.1}{\376\377\000A\000u\000l\000a\000\040\0000\0001\000\040\000-\000\040\0000\0008\000/\0000\0008\000/\0002\0000\0002\0003}{}% 4
\BOOKMARK [2][-]{subsection.1.1}{\376\377\000M\000o\000t\000i\000v\000a\000\347\000\365\000e\000s}{section.1}% 5
\BOOKMARK [1][-]{section.2}{\376\377\000A\000u\000l\000a\000\040\0000\0002\000\040\000-\000\040\0001\0000\000/\0000\0008\000/\0002\0000\0002\0003}{}% 6
\BOOKMARK [2][-]{subsection.2.1}{\376\377\000M\000o\000t\000i\000v\000a\000\347\000\365\000e\000s}{section.2}% 7
\BOOKMARK [2][-]{subsection.2.2}{\376\377\000U\000m\000a\000\040\000n\000o\000t\000a\000\040\000h\000i\000s\000t\000\363\000r\000i\000c\000a}{section.2}% 8
\BOOKMARK [2][-]{subsection.2.3}{\376\377\000E\000x\000e\000r\000c\000\355\000c\000i\000o\000\040\0001\000\040\000d\000a\000\040\000L\000i\000s\000t\000a\000\040\0001}{section.2}% 9
\BOOKMARK [2][-]{subsection.2.4}{\376\377\000E\000s\000p\000a\000\347\000o\000\040\000d\000e\000\040\000f\000u\000n\000\347\000\365\000e\000s\000\040\000c\000o\000n\000t\000\355\000n\000u\000a\000s}{section.2}% 10
\BOOKMARK [2][-]{subsection.2.5}{\376\377\000E\000s\000p\000a\000\347\000o\000\040\000e\000u\000c\000l\000i\000d\000i\000a\000n\000o\000\040\000n\000-\000d\000i\000m\000e\000n\000s\000i\000o\000n\000a\000l}{section.2}% 11
\BOOKMARK [1][-]{section.3}{\376\377\000A\000u\000l\000a\000\040\0000\0003\000\040\000-\000\040\0001\0007\000/\0000\0008\000/\0002\0000\0002\0003}{}% 12
\BOOKMARK [2][-]{subsection.3.1}{\376\377\000M\000o\000t\000i\000v\000a\000\347\000\365\000e\000s}{section.3}% 13
\BOOKMARK [2][-]{subsection.3.2}{\376\377\000S\000i\000m\000i\000l\000a\000r\000i\000d\000a\000d\000e\000\040\000d\000e\000\040\000M\000\351\000t\000r\000i\000c\000a\000s}{section.3}% 14
\BOOKMARK [2][-]{subsection.3.3}{\376\377\000P\000r\000o\000d\000u\000t\000o\000\040\000d\000e\000\040\000E\000s\000p\000a\000\347\000o\000s\000\040\000M\000\351\000t\000r\000i\000c\000o\000s}{section.3}% 15
\BOOKMARK [2][-]{subsection.3.4}{\376\377\000E\000s\000p\000a\000\347\000o\000s\000\040\000V\000e\000t\000o\000r\000i\000a\000i\000s\000\040\000N\000o\000r\000m\000a\000d\000o\000s}{section.3}% 16
\BOOKMARK [2][-]{subsection.3.5}{\376\377\000A\000\040\000D\000e\000s\000i\000g\000u\000a\000l\000d\000a\000d\000e\000\040\000d\000e\000\040\000M\000i\000n\000k\000o\000w\000s\000k\000i}{section.3}% 17
\BOOKMARK [1][-]{section.4}{\376\377\000A\000u\000l\000a\000\040\0000\0004\000\040\000-\000\040\0002\0001\000/\0000\0008\000/\0002\0000\0002\0003}{}% 18
\BOOKMARK [2][-]{subsection.4.1}{\376\377\000M\000o\000t\000i\000v\000a\000\347\000\365\000e\000s}{section.4}% 19
\BOOKMARK [2][-]{subsection.4.2}{\376\377\000S\000u\000b\000e\000s\000p\000a\000\347\000o\000s\000\040\000M\000\351\000t\000r\000i\000c\000o\000s\000\040\000e\000\040\000D\000i\000s\000t\000\342\000n\000c\000i\000a\000\040\000e\000n\000t\000r\000e\000\040\000C\000o\000n\000j\000u\000n\000t\000o\000s}{section.4}% 20
\BOOKMARK [2][-]{subsection.4.3}{\376\377\000T\000o\000p\000o\000l\000o\000g\000i\000a\000\040\000d\000e\000\040\000E\000s\000p\000a\000\347\000o\000s\000\040\000M\000\351\000t\000r\000i\000c\000o\000s}{section.4}% 21
\BOOKMARK [1][-]{section.5}{\376\377\000A\000u\000l\000a\000\040\0000\0005\000\040\000-\000\040\0002\0004\000/\0000\0008\000/\0002\0000\0002\0003}{}% 22
\BOOKMARK [2][-]{subsection.5.1}{\376\377\000M\000o\000t\000i\000v\000a\000\347\000\365\000e\000s}{section.5}% 23
\BOOKMARK [2][-]{subsection.5.2}{\376\377\000P\000r\000o\000p\000r\000i\000e\000d\000a\000d\000e\000s\000\040\000d\000o\000\040\000D\000i\000\342\000m\000e\000t\000r\000o}{section.5}% 24
