\BOOKMARK [1][-]{section.1}{\376\377\000N\000\372\000m\000e\000r\000o\000s\000\040\000R\000e\000a\000i\000s\000,\000\040\000F\000u\000n\000\347\000\365\000e\000s\000\040\000e\000\040\000I\000n\000t\000r\000o\000d\000u\000\347\000\343\000o\000\040\000a\000\040\000L\000i\000m\000i\000t\000e\000s}{}% 1
\BOOKMARK [2][-]{subsection.1.1}{\376\377\000E\000x\000e\000r\000c\000\355\000c\000i\000o\000s\000\040\000d\000e\000\040\000F\000u\000n\000\347\000\365\000e\000s\000\040\000e\000\040\000P\000a\000n\000o\000r\000a\000m\000a\000\040\000G\000e\000r\000a\000l}{section.1}% 2
\BOOKMARK [3][-]{subsubsection.1.1.1}{\376\377\000E\000x\000e\000r\000c\000\355\000c\000i\000o\000\040\0001}{subsection.1.1}% 3
\BOOKMARK [3][-]{subsubsection.1.1.2}{\376\377\000E\000x\000e\000r\000c\000\355\000c\000i\000o\000\040\0002}{subsection.1.1}% 4
\BOOKMARK [3][-]{subsubsection.1.1.3}{\376\377\000E\000x\000e\000r\000c\000\355\000c\000i\000o\000\040\0003}{subsection.1.1}% 5
\BOOKMARK [2][-]{subsection.1.2}{\376\377\000U\000m\000\040\000P\000a\000n\000o\000r\000a\000m\000a\000\040\000G\000e\000r\000a\000l}{section.1}% 6
\BOOKMARK [3][-]{subsubsection.1.2.1}{\376\377\000E\000x\000e\000r\000c\000\355\000c\000i\000o\000\040\0004}{subsection.1.2}% 7
\BOOKMARK [1][-]{section.2}{\376\377\000P\000r\000o\000p\000r\000i\000e\000d\000a\000d\000e\000s\000\040\000d\000o\000s\000\040\000L\000i\000m\000i\000t\000e\000s\000,\000\040\000L\000i\000m\000i\000t\000e\000s\000\040\000L\000a\000t\000e\000r\000a\000i\000s\000,\000\040\000L\000i\000m\000i\000t\000e\000s\000\040\000d\000e\000\040\000D\000e\000t\000e\000r\000m\000i\000n\000a\000d\000a\000s\000\040\000F\000u\000n\000\347\000\365\000e\000s\000,\000\040\000F\000u\000n\000\347\000\365\000e\000s\000\040\000C\000o\000n\000t\000\355\000n\000u\000a\000s\000\040\000e\000\040\000S\000u\000a\000s\000\040\000P\000r\000o\000p\000r\000i\000e\000d\000a\000d\000e\000s}{}% 8
\BOOKMARK [2][-]{subsection.2.1}{\376\377\000C\000o\000n\000t\000i\000n\000u\000i\000d\000a\000d\000e\000\040\000e\000\040\000L\000i\000m\000i\000t\000e}{section.2}% 9
\BOOKMARK [3][-]{subsubsection.2.1.1}{\376\377\000E\000x\000e\000r\000c\000\355\000c\000i\000o\000\040\0001}{subsection.2.1}% 10
\BOOKMARK [2][-]{subsection.2.2}{\376\377\000D\000e\000s\000C\000o\000n\000t\000i\000n\000u\000i\000d\000a\000d\000e}{section.2}% 11
\BOOKMARK [3][-]{subsubsection.2.2.1}{\376\377\000E\000x\000e\000r\000c\000\355\000c\000i\000o\000\040\0002}{subsection.2.2}% 12
\BOOKMARK [3][-]{subsubsection.2.2.2}{\376\377\000E\000x\000e\000r\000c\000\355\000c\000i\000o\000\040\0003}{subsection.2.2}% 13
\BOOKMARK [2][-]{subsection.2.3}{\376\377\000L\000i\000m\000i\000t\000e\000s\000:\000\040\000M\000a\000i\000s\000\040\000p\000r\000\341\000t\000i\000c\000o}{section.2}% 14
\BOOKMARK [3][-]{subsubsection.2.3.1}{\376\377\000E\000x\000e\000r\000c\000\355\000c\000i\000o\000\040\0004}{subsection.2.3}% 15
\BOOKMARK [3][-]{subsubsection.2.3.2}{\376\377\000E\000x\000e\000r\000c\000\355\000c\000i\000o\000\040\0005}{subsection.2.3}% 16
\BOOKMARK [2][-]{subsection.2.4}{\376\377\000P\000r\000\351\000\040\000L\000i\000m\000i\000t\000e\000s\000\040\000I\000n\000f\000i\000n\000i\000t\000o\000s}{section.2}% 17
\BOOKMARK [2][-]{subsection.2.5}{\376\377\000L\000i\000m\000i\000t\000e\000s\000\040\000I\000n\000f\000i\000n\000i\000t\000o\000s}{section.2}% 18
\BOOKMARK [3][-]{subsubsection.2.5.1}{\376\377\000E\000x\000e\000r\000c\000\355\000c\000i\000o\000\040\0006}{subsection.2.5}% 19
\BOOKMARK [2][-]{subsection.2.6}{\376\377\000L\000i\000m\000i\000t\000e\000s\000\040\000n\000o\000\040\000I\000n\000f\000i\000n\000i\000t\000o}{section.2}% 20
\BOOKMARK [3][-]{subsubsection.2.6.1}{\376\377\000E\000x\000e\000r\000c\000\355\000c\000i\000o\000\040\0007}{subsection.2.6}% 21
\BOOKMARK [2][-]{subsection.2.7}{\376\377\000D\000i\000f\000e\000r\000e\000n\000\347\000a\000s\000\040\000d\000e\000\040\000I\000n\000f\000i\000n\000i\000t\000o}{section.2}% 22
\BOOKMARK [3][-]{subsubsection.2.7.1}{\376\377\000E\000x\000e\000r\000c\000\355\000c\000i\000o\000\040\0008}{subsection.2.7}% 23
\BOOKMARK [1][-]{section.3}{\376\377\000R\000e\000t\000a\000\040\000T\000a\000n\000g\000e\000n\000t\000e\000,\000\040\000D\000e\000r\000i\000v\000a\000d\000a\000,\000\040\000D\000e\000r\000i\000v\000a\000d\000a\000\040\000d\000e\000\040\000A\000l\000g\000u\000m\000a\000s\000\040\000f\000u\000n\000\347\000\365\000e\000s\000,\000\040\000R\000e\000g\000r\000a\000\040\000d\000a\000\040\000C\000a\000d\000e\000i\000a}{}% 24
\BOOKMARK [2][-]{subsection.3.1}{\376\377\000D\000e\000r\000i\000v\000a\000d\000a\000s\000\040\000d\000e\000\040\000O\000r\000d\000e\000m\000\040\000S\000u\000p\000e\000r\000i\000o\000r}{section.3}% 25
\BOOKMARK [3][-]{subsubsection.3.1.1}{\376\377\000E\000x\000e\000r\000c\000\355\000c\000i\000o\000\040\0001\000.}{subsection.3.1}% 26
\BOOKMARK [3][-]{subsubsection.3.1.2}{\376\377\000E\000x\000e\000r\000c\000\355\000c\000i\000o\000\040\0002\000.}{subsection.3.1}% 27
\BOOKMARK [3][-]{subsubsection.3.1.3}{\376\377\000E\000x\000e\000r\000c\000\355\000c\000i\000o\000\040\0003\000.}{subsection.3.1}% 28
\BOOKMARK [3][-]{subsubsection.3.1.4}{\376\377\000E\000x\000e\000r\000c\000\355\000c\000i\000o\000\040\0004\000.}{subsection.3.1}% 29
\BOOKMARK [3][-]{subsubsection.3.1.5}{\376\377\000E\000x\000e\000r\000c\000\355\000c\000i\000o\000\040\0005\000.}{subsection.3.1}% 30
\BOOKMARK [2][-]{subsection.3.2}{\376\377\000T\000a\000x\000a\000s\000\040\000d\000e\000\040\000V\000a\000r\000i\000a\000\347\000\343\000o\000.}{section.3}% 31
\BOOKMARK [3][-]{subsubsection.3.2.1}{\376\377\000E\000x\000e\000r\000c\000\355\000c\000i\000o\000\040\0001\000.}{subsection.3.2}% 32
\BOOKMARK [2][-]{subsection.3.3}{\376\377\000M\000\341\000x\000i\000m\000o\000s\000\040\000e\000\040\000M\000\355\000n\000i\000m\000o\000s\000.}{section.3}% 33
\BOOKMARK [3][-]{subsubsection.3.3.1}{\376\377\000E\000x\000e\000r\000c\000\355\000c\000i\000o\000\040\0001\000.}{subsection.3.3}% 34
\BOOKMARK [1][-]{section.4}{\376\377\000I\000n\000t\000e\000g\000r\000a\000i\000s\000\040\000e\000\040\000P\000r\000i\000m\000i\000t\000i\000v\000a\000s}{}% 35
\BOOKMARK [2][-]{subsection.4.1}{\376\377\000E\000x\000e\000r\000c\000\355\000c\000i\000o\000\040\0001}{section.4}% 36
\BOOKMARK [2][-]{subsection.4.2}{\376\377\000E\000x\000e\000r\000c\000\355\000c\000i\000o\000\040\0002}{section.4}% 37
\BOOKMARK [1][-]{section.5}{\376\377\000F\000i\000m\000\040\000e\000\040\000A\000g\000r\000a\000d\000e\000c\000i\000m\000e\000n\000t\000o\000s\000\040\000:\000\051}{}% 38
