\BOOKMARK [1][-]{section.0}{\376\377\000A\000u\000l\000a\000\040\0000\0000\000\040\000-\000\040\0000\0007\000/\0000\0008\000/\0002\0000\0002\0003}{}% 1
\BOOKMARK [1][-]{section.1}{\376\377\000A\000u\000l\000a\000\040\0000\0001\000\040\000-\000\040\0000\0009\000/\0000\0008\000/\0002\0000\0002\0003}{}% 2
\BOOKMARK [2][-]{subsection.1.1}{\376\377\000M\000o\000t\000i\000v\000a\000\347\000\365\000e\000s}{section.1}% 3
\BOOKMARK [2][-]{subsection.1.2}{\376\377\000R\000o\000t\000a\000\347\000\343\000o}{section.1}% 4
\BOOKMARK [2][-]{subsection.1.3}{\376\377\000E\000n\000e\000r\000g\000i\000a\000\040\000C\000i\000n\000\351\000t\000i\000c\000a\000\040\000d\000e\000\040\000R\000o\000t\000a\000\347\000\343\000o}{section.1}% 5
\BOOKMARK [1][-]{section.2}{\376\377\000A\000u\000l\000a\000\040\0000\0002\000\040\000-\000\040\0001\0000\000/\0000\0008\000/\0002\0000\0002\0003}{}% 6
\BOOKMARK [2][-]{subsection.2.1}{\376\377\000M\000o\000t\000i\000v\000a\000\347\000\365\000e\000s}{section.2}% 7
\BOOKMARK [2][-]{subsection.2.2}{\376\377\000D\000i\000s\000t\000r\000i\000b\000u\000i\000\347\000\343\000o\000\040\000C\000o\000n\000t\000\355\000n\000u\000a\000\040\000d\000e\000\040\000M\000a\000s\000s\000a}{section.2}% 8
\BOOKMARK [1][-]{section.3}{\376\377\000A\000u\000l\000a\000\040\0000\0003\000\040\000-\000\040\0001\0006\000/\0000\0008\000/\0002\0000\0002\0003}{}% 9
\BOOKMARK [2][-]{subsection.3.1}{\376\377\000M\000o\000t\000i\000v\000a\000\347\000\365\000e\000s}{section.3}% 10
\BOOKMARK [2][-]{subsection.3.2}{\376\377\000M\000o\000m\000e\000n\000t\000o\000\040\000d\000e\000\040\000I\000n\000\351\000r\000c\000i\000a\000\040\000e\000m\000\040\000u\000m\000\040\000D\000i\000s\000c\000o}{section.3}% 11
\BOOKMARK [1][-]{section.4}{\376\377\000A\000u\000l\000a\000\040\0000\0004\000\040\000-\000\040\0001\0007\000/\0000\0008\000/\0002\0000\0002\0003}{}% 12
\BOOKMARK [2][-]{subsection.4.1}{\376\377\000M\000o\000t\000i\000v\000a\000\347\000\365\000e\000s\000\040}{section.4}% 13
\BOOKMARK [2][-]{subsection.4.2}{\376\377\000S\000e\000g\000u\000n\000d\000a\000\040\000L\000e\000i\000\040\000d\000e\000\040\000N\000e\000w\000t\000o\000n}{section.4}% 14
\BOOKMARK [2][-]{subsection.4.3}{\376\377\000O\000\040\000T\000o\000r\000q\000u\000e\000\040\000d\000a\000\040\000F\000o\000r\000\347\000a\000\040\000d\000a\000\040\000G\000r\000a\000v\000i\000d\000a\000d\000e}{section.4}% 15
\BOOKMARK [1][-]{section.5}{\376\377\000A\000u\000l\000a\000\040\0000\0005\000\040\000-\000\040\0002\0001\000/\0000\0008\000/\0002\0000\0002\0003}{}% 16
\BOOKMARK [2][-]{subsection.5.1}{\376\377\000M\000o\000t\000i\000v\000a\000\347\000\365\000e\000s}{section.5}% 17
\BOOKMARK [2][-]{subsection.5.2}{\376\377\000C\000o\000n\000t\000i\000n\000u\000a\000n\000d\000o\000\040\000o\000\040\000E\000x\000e\000m\000p\000l\000o}{section.5}% 18
\BOOKMARK [2][-]{subsection.5.3}{\376\377\000P\000o\000t\000\352\000n\000c\000i\000a}{section.5}% 19
\BOOKMARK [2][-]{subsection.5.4}{\376\377\000C\000o\000r\000p\000o\000s\000\040\000q\000u\000e\000\040\000R\000o\000l\000a\000m\000\040\000s\000e\000m\000\040\000D\000e\000s\000l\000i\000z\000a\000r}{section.5}% 20
\BOOKMARK [1][-]{section.6}{\376\377\000A\000u\000l\000a\000\040\0000\0006\000\040\000-\000\040\0002\0003\000/\0000\0008\000/\0002\0000\0002\0003}{}% 21
\BOOKMARK [2][-]{subsection.6.1}{\376\377\000M\000o\000t\000i\000v\000a\000\347\000\365\000e\000s}{section.6}% 22
\BOOKMARK [2][-]{subsection.6.2}{\376\377\000O\000b\000j\000e\000t\000o\000\040\000R\000o\000l\000a\000n\000t\000e\000\040\000e\000m\000\040\000P\000l\000a\000n\000o\000\040\000I\000n\000c\000l\000i\000n\000a\000d\000o}{section.6}% 23
\BOOKMARK [3][-]{subsubsection.6.2.1}{\376\377\000S\000i\000m\000e\000t\000r\000i\000a\000s}{subsection.6.2}% 24
\BOOKMARK [2][-]{subsection.6.3}{\376\377\000B\000o\000l\000a\000\040\000D\000e\000s\000l\000i\000z\000a\000n\000d\000o}{section.6}% 25
\BOOKMARK [1][-]{section.7}{\376\377\000A\000u\000l\000a\000\040\0000\0007\000\040\000-\000\040\0002\0004\000/\0000\0008\000/\0002\0000\0002\0003}{}% 26
\BOOKMARK [2][-]{subsection.7.1}{\376\377\000M\000o\000t\000i\000v\000a\000\347\000\365\000e\000s}{section.7}% 27
\BOOKMARK [2][-]{subsection.7.2}{\376\377\000V\000e\000t\000o\000r\000e\000s}{section.7}% 28
\BOOKMARK [1][-]{section.8}{\376\377\000A\000u\000l\000a\000\040\0000\0008\000\040\000-\000\040\0002\0008\000/\0000\0008\000/\0002\0000\0002\0003}{}% 29
\BOOKMARK [2][-]{subsection.8.1}{\376\377\000M\000o\000t\000i\000v\000a\000\347\000\365\000e\000s}{section.8}% 30
\BOOKMARK [2][-]{subsection.8.2}{\376\377\000U\000m\000\040\000p\000o\000u\000c\000o\000\040\000m\000a\000i\000s\000\040\000d\000e\000\040\000p\000r\000o\000d\000u\000t\000o\000\040\000v\000e\000t\000o\000r\000i\000a\000l\000.}{section.8}% 31
\BOOKMARK [2][-]{subsection.8.3}{\376\377\000M\000o\000m\000e\000n\000t\000o\000\040\000A\000n\000g\000u\000l\000a\000r}{section.8}% 32
\BOOKMARK [1][-]{section.9}{\376\377\000A\000u\000l\000a\000\040\0000\0009\000\040\000-\000\040\0003\0000\000/\0000\0008\000/\0002\0000\0002\0003}{}% 33
\BOOKMARK [2][-]{subsection.9.1}{\376\377\000M\000o\000t\000i\000v\000a\000\347\000\365\000e\000s}{section.9}% 34
\BOOKMARK [2][-]{subsection.9.2}{\376\377\000O\000\040\000G\000i\000r\000o\000s\000c\000\363\000p\000i\000o}{section.9}% 35
\BOOKMARK [1][-]{section.10}{\376\377\000A\000u\000l\000a\000\040\0000\000\040\000-\000\040\0003\0001\000/\0000\0008\000/\0002\0000\0002\0003}{}% 36
\BOOKMARK [1][-]{section.11}{\376\377\000A\000u\000l\000a\000\040\0001\0001\000\040\000-\000\040\0001\0001\000/\0000\0009\000/\0002\0000\0002\0003}{}% 37
\BOOKMARK [2][-]{subsection.11.1}{\376\377\000M\000o\000t\000i\000v\000a\000\347\000\365\000e\000s}{section.11}% 38
\BOOKMARK [2][-]{subsection.11.2}{\376\377\000E\000x\000e\000r\000c\000\355\000c\000i\000o\000s}{section.11}% 39
\BOOKMARK [3][-]{subsubsection.11.2.1}{\376\377\000E\000x\000e\000r\000c\000\355\000c\000i\000o\000\040\0001}{subsection.11.2}% 40
\BOOKMARK [3][-]{subsubsection.11.2.2}{\376\377\000E\000x\000e\000r\000c\000\355\000c\000i\000o\000\040\0002}{subsection.11.2}% 41
\BOOKMARK [3][-]{subsubsection.11.2.3}{\376\377\000E\000x\000e\000r\000c\000\355\000c\000i\000o\000\040\0003}{subsection.11.2}% 42
\BOOKMARK [3][-]{subsubsection.11.2.4}{\376\377\000E\000x\000e\000r\000c\000\355\000c\000i\000o\000\040\0004}{subsection.11.2}% 43
\BOOKMARK [3][-]{subsubsection.11.2.5}{\376\377\000E\000x\000e\000r\000c\000\355\000c\000i\000o\000\040\0005}{subsection.11.2}% 44
