\BOOKMARK [1][-]{section.1}{\376\377\000A\000u\000l\000a\000\040\0000\0001\000\040\000-\000\040\0001\0003\000/\0000\0003\000/\0002\0000\0002\0003}{}% 1
\BOOKMARK [2][-]{subsection.1.1}{\376\377\000M\000o\000t\000i\000v\000a\000\347\000\343\000o}{section.1}% 2
\BOOKMARK [2][-]{subsection.1.2}{\376\377\000O\000s\000\040\000N\000\372\000m\000e\000r\000o\000s\000\040\000N\000a\000t\000u\000r\000a\000i\000s}{section.1}% 3
\BOOKMARK [2][-]{subsection.1.3}{\376\377\000N\000\372\000m\000e\000r\000o\000s\000\040\000I\000n\000t\000e\000i\000r\000o\000s\000\040\000e\000\040\000R\000a\000c\000i\000o\000n\000a\000i\000s}{section.1}% 4
\BOOKMARK [1][-]{section.2}{\376\377\000A\000u\000l\000a\000\040\0000\0002\000\040\000-\000\040\0001\0005\000/\0000\0003\000/\0002\0000\0002\0003}{}% 5
\BOOKMARK [2][-]{subsection.2.1}{\376\377\000M\000o\000t\000i\000v\000a\000\347\000\365\000e\000s}{section.2}% 6
\BOOKMARK [2][-]{subsection.2.2}{\376\377\000P\000r\000o\000p\000r\000i\000e\000d\000a\000d\000e\000s\000\040\000d\000e\000\040\000Q\000\040\000e\000\040\000s\000u\000a\000\040\000O\000r\000d\000e\000m}{section.2}% 7
\BOOKMARK [2][-]{subsection.2.3}{\376\377\000I\000n\000c\000o\000m\000p\000l\000e\000t\000u\000d\000e\000\040\000d\000e\000\040\000Q}{section.2}% 8
\BOOKMARK [2][-]{subsection.2.4}{\376\377\000O\000s\000\040\000N\000\372\000m\000e\000r\000o\000s\000\040\000R\000e\000a\000i\000s\000\040\000\050\000R\000\051}{section.2}% 9
\BOOKMARK [1][-]{section.3}{\376\377\000A\000u\000l\000a\000\040\0000\0003\000\040\000-\000\040\0001\0007\000/\0000\0003\000/\0002\0000\0002\0003}{}% 10
\BOOKMARK [2][-]{subsection.3.1}{\376\377\000M\000o\000t\000i\000v\000a\000\347\000\365\000e\000s}{section.3}% 11
\BOOKMARK [2][-]{subsection.3.2}{\376\377\000C\000o\000r\000t\000e\000s\000\040\000-\000\040\000S\000o\000m\000a\000\040\000e\000\040\000O\000r\000d\000e\000m}{section.3}% 12
\BOOKMARK [1][-]{section.4}{\376\377\000A\000u\000l\000a\000\040\0000\0004\000\040\000-\000\040\0002\0000\000/\0000\0002\000/\0002\0000\0002\0003}{}% 13
\BOOKMARK [2][-]{subsection.4.1}{\376\377\000M\000o\000t\000i\000v\000a\000\347\000\365\000e\000s}{section.4}% 14
\BOOKMARK [2][-]{subsection.4.2}{\376\377\000C\000o\000r\000t\000e\000s\000\040\000-\000\040\000M\000u\000l\000t\000i\000p\000l\000i\000c\000a\000\347\000\343\000o}{section.4}% 15
\BOOKMARK [2][-]{subsection.4.3}{\376\377\000R\000\040\000C\000o\000m\000o\000\040\000C\000o\000r\000p\000o\000\040\000O\000r\000d\000e\000n\000a\000d\000o\000\040\000C\000o\000m\000p\000l\000e\000t\000o}{section.4}% 16
\BOOKMARK [1][-]{section.5}{\376\377\000A\000u\000l\000a\000\040\0000\0005\000\040\000-\000\040\0002\0002\000/\0000\0003\000/\0002\0000\0002\0003}{}% 17
\BOOKMARK [2][-]{subsection.5.1}{\376\377\000M\000o\000t\000i\000v\000a\000\347\000\365\000e\000s}{section.5}% 18
\BOOKMARK [2][-]{subsection.5.2}{\376\377\000S\000e\000q\000u\000\352\000n\000c\000i\000a\000s\000\040\000d\000e\000\040\000N\000\372\000m\000e\000r\000o\000s\000\040\000R\000e\000a\000i\000s}{section.5}% 19
\BOOKMARK [1][-]{section.6}{\376\377\000A\000u\000l\000a\000\040\0000\0006\000\040\000-\000\040\0002\0004\000/\0000\0003\000/\0002\0000\0002\0003}{}% 20
\BOOKMARK [2][-]{subsection.6.1}{\376\377\000M\000o\000t\000i\000v\000a\000\347\000\365\000e\000s}{section.6}% 21
\BOOKMARK [2][-]{subsection.6.2}{\376\377\000P\000r\000o\000p\000r\000i\000e\000d\000a\000d\000e\000s\000\040\000d\000e\000\040\000S\000e\000q\000u\000\352\000n\000c\000i\000a\000s}{section.6}% 22
\BOOKMARK [1][-]{section.7}{\376\377\000A\000u\000l\000a\000\040\0000\0007\000\040\000-\000\040\0002\0007\000/\0000\0003\000/\0002\0000\0002\0003}{}% 23
\BOOKMARK [2][-]{subsection.7.1}{\376\377\000M\000o\000t\000i\000v\000a\000\347\000\365\000e\000s}{section.7}% 24
\BOOKMARK [2][-]{subsection.7.2}{\376\377\000E\000x\000e\000m\000p\000l\000o\000s\000\040\000d\000e\000\040\000S\000e\000q\000u\000\352\000n\000c\000i\000a\000s}{section.7}% 25
\BOOKMARK [2][-]{subsection.7.3}{\376\377\000T\000e\000o\000r\000e\000m\000a\000s\000\040\000d\000a\000\040\000C\000o\000m\000p\000a\000r\000a\000\347\000\343\000o\000\040\000e\000\040\000d\000o\000\040\000S\000a\000n\000d\000u\000\355\000c\000h\000e}{section.7}% 26
\BOOKMARK [1][-]{section.8}{\376\377\000A\000u\000l\000a\000\040\0000\0008\000\040\000-\000\040\0002\0009\000/\0000\0003\000/\0002\0000\0002\0003}{}% 27
\BOOKMARK [2][-]{subsection.8.1}{\376\377\000L\000i\000m\000i\000t\000e\000\040\000S\000u\000p\000e\000r\000i\000o\000r\000\040\000e\000\040\000I\000n\000f\000e\000r\000i\000o\000r}{section.8}% 28
\BOOKMARK [1][-]{section.9}{\376\377\000A\000u\000l\000a\000\040\0000\0009\000\040\000-\000\040\0003\0001\000/\0000\0003\000/\0002\0000\0002\0003}{}% 29
\BOOKMARK [2][-]{subsection.9.1}{\376\377\000M\000o\000t\000i\000v\000a\000\347\000\365\000e\000s}{section.9}% 30
\BOOKMARK [2][-]{subsection.9.2}{\376\377\000P\000o\000n\000t\000o\000s\000\040\000d\000e\000\040\000A\000d\000e\000r\000\352\000n\000c\000i\000a\000\040\000e\000\040\000L\000i\000m\000i\000t\000e\000s\000\040\000S\000u\000p\000e\000r\000i\000o\000r\000e\000s\000/\000I\000n\000f\000e\000r\000i\000o\000r\000e\000s\000.}{section.9}% 31
\BOOKMARK [2][-]{subsection.9.3}{\376\377\000S\000e\000q\000u\000\352\000n\000c\000i\000a\000s\000\040\000D\000i\000v\000e\000r\000g\000e\000n\000t\000e\000\040\000p\000a\000r\000a\000\040\000.}{section.9}% 32
\BOOKMARK [1][-]{section.10}{\376\377\000A\000u\000l\000a\000\040\0001\0000\000\040\000-\000\040\0001\0000\000/\0000\0004\000/\0002\0000\0002\0003}{}% 33
\BOOKMARK [2][-]{subsection.10.1}{\376\377\000M\000o\000t\000i\000v\000a\000\347\000\365\000e\000s}{section.10}% 34
\BOOKMARK [2][-]{subsection.10.2}{\376\377\000S\000\351\000r\000i\000e\000s\000\040\000d\000e\000\040\000N\000\372\000m\000e\000r\000o\000s\000\040\000R\000e\000a\000i\000s}{section.10}% 35
\BOOKMARK [2][-]{subsection.10.3}{\376\377\000T\000e\000s\000t\000e\000s\000\040\000d\000a\000\040\000R\000a\000z\000\343\000o\000\040\000e\000\040\000d\000a\000\040\000R\000a\000\355\000z}{section.10}% 36
\BOOKMARK [1][-]{section.11}{\376\377\000A\000u\000l\000a\000\040\0001\0001\000\040\000-\000\040\0001\0002\000/\0000\0004\000/\0002\0000\0002\0003}{}% 37
\BOOKMARK [2][-]{subsection.11.1}{\376\377\000M\000o\000t\000i\000v\000a\000\347\000\365\000e\000s}{section.11}% 38
\BOOKMARK [2][-]{subsection.11.2}{\376\377\000T\000e\000s\000t\000e\000\040\000d\000a\000\040\000R\000a\000\355\000z\000\040\000e\000\040\000d\000a\000\040\000R\000a\000z\000\343\000o\000.}{section.11}% 39
\BOOKMARK [1][-]{section.12}{\376\377\000A\000u\000l\000a\000\040\0001\0002\000\040\000-\000\040\0001\0004\000/\0000\0004\000/\0002\0000\0002\0003}{}% 40
\BOOKMARK [2][-]{subsection.12.1}{\376\377\000M\000o\000t\000i\000v\000a\000\347\000\365\000e\000s}{section.12}% 41
\BOOKMARK [2][-]{subsection.12.2}{\376\377\000T\000e\000s\000t\000e\000s\000\040\000d\000a\000\040\000R\000a\000z\000\343\000o\000\040\000e\000\040\000R\000a\000\355\000z\000\040\000M\000o\000d\000i\000f\000i\000c\000a\000d\000o\000s\000.}{section.12}% 42
\BOOKMARK [2][-]{subsection.12.3}{\376\377\000S\000\351\000r\000i\000e\000s\000\040\000d\000e\000\040\000P\000o\000t\000\352\000n\000c\000i\000a\000s\000.}{section.12}% 43
\BOOKMARK [2][-]{subsection.12.4}{\376\377\000S\000\351\000r\000i\000e\000s\000\040\000R\000e\000a\000r\000r\000a\000n\000j\000a\000d\000a\000s}{section.12}% 44
\BOOKMARK [1][-]{section.13}{\376\377\000A\000u\000l\000a\000\040\0001\0003\000\040\000-\000\040\0001\0007\000/\0000\0004\000/\0002\0000\0002\0003}{}% 45
\BOOKMARK [2][-]{subsection.13.1}{\376\377\000M\000o\000t\000i\000v\000a\000\347\000\365\000e\000s}{section.13}% 46
\BOOKMARK [2][-]{subsection.13.2}{\376\377\000I\000n\000t\000u\000i\000\347\000\343\000o\000\040\000e\000\040\000E\000x\000e\000m\000p\000l\000o\000s\000\040\000I\000n\000i\000c\000i\000a\000i\000s}{section.13}% 47
\BOOKMARK [2][-]{subsection.13.3}{\376\377\000L\000i\000m\000i\000t\000e\000s\000\040\000d\000e\000\040\000F\000u\000n\000\347\000\365\000e\000s}{section.13}% 48
\BOOKMARK [1][-]{section.14}{\376\377\000A\000u\000l\000a\000\040\0001\0004\000\040\000-\000\040\0001\0009\000/\0000\0004\000/\0002\0000\0002\0003}{}% 49
\BOOKMARK [2][-]{subsection.14.1}{\376\377\000M\000o\000t\000i\000v\000a\000\347\000\365\000e\000s}{section.14}% 50
\BOOKMARK [2][-]{subsection.14.2}{\376\377\000L\000i\000m\000i\000t\000e\000s\000\040\000S\000u\000p\000e\000r\000i\000o\000r\000\040\000e\000\040\000I\000n\000f\000e\000r\000i\000o\000r}{section.14}% 51
\BOOKMARK [2][-]{subsection.14.3}{\376\377\000F\000u\000n\000\347\000\365\000e\000s\000\040\000C\000o\000n\000t\000\355\000n\000u\000a\000s}{section.14}% 52
\BOOKMARK [2][-]{subsection.14.4}{\376\377\000R\000e\000s\000u\000l\000t\000a\000d\000o\000s\000\040\000A\000v\000a\000n\000\347\000a\000d\000o\000s\000\040\000d\000e\000\040\000C\000o\000n\000t\000i\000n\000u\000i\000d\000a\000d\000e\000\040\000-\000\040\000P\000a\000r\000t\000e\000\040\0001\000.}{section.14}% 53
\BOOKMARK [1][-]{section.15}{\376\377\000A\000u\000l\000a\000\040\0001\0005\000\040\000-\000\040\0002\0004\000/\0000\0004\000/\0002\0000\0002\0003}{}% 54
\BOOKMARK [2][-]{subsection.15.1}{\376\377\000O\000\040\000q\000u\000e\000\040\000e\000s\000p\000e\000r\000a\000r}{section.15}% 55
\BOOKMARK [2][-]{subsection.15.2}{\376\377\000R\000e\000s\000u\000l\000t\000a\000d\000o\000s\000\040\000A\000v\000a\000n\000\347\000a\000d\000o\000s\000\040\000d\000e\000\040\000C\000o\000n\000t\000i\000n\000u\000i\000d\000a\000d\000e\000\040\000-\000\040\000P\000a\000r\000t\000e\000\040\0002\000.}{section.15}% 56
\BOOKMARK [2][-]{subsection.15.3}{\376\377\000T\000o\000p\000o\000l\000o\000g\000i\000a\000\040\000d\000a\000\040\000R\000e\000t\000a}{section.15}% 57
\BOOKMARK [3][-]{subsubsection.15.3.1}{\376\377\000T\000e\000x\000t\000o\000\040\000d\000e\000\040\000M\000o\000t\000i\000v\000a\000\347\000\343\000o}{subsection.15.3}% 58
\BOOKMARK [3][-]{subsubsection.15.3.2}{\376\377\000A\000b\000e\000r\000t\000o\000s\000,\000\040\000F\000e\000c\000h\000a\000d\000o\000s\000,\000\040\000C\000o\000m\000p\000a\000c\000t\000o\000s\000\040\000e\000\040\000C\000o\000n\000e\000x\000o\000s}{subsection.15.3}% 59
\BOOKMARK [1][-]{section.16}{\376\377\000A\000u\000l\000a\000\040\0001\0006\000\040\000-\000\040\0000\0003\000/\0000\0005\000/\0002\0000\0002\0003}{}% 60
\BOOKMARK [2][-]{subsection.16.1}{\376\377\000O\000\040\000q\000u\000e\000\040\000e\000s\000p\000e\000r\000a\000r}{section.16}% 61
\BOOKMARK [2][-]{subsection.16.2}{\376\377\000T\000o\000p\000o\000l\000o\000g\000i\000a\000\040\000d\000a\000\040\000R\000e\000t\000a\000\040\000-\000\040\000P\000a\000r\000t\000e\000\040\000I\000I}{section.16}% 62
\BOOKMARK [1][-]{section.17}{\376\377\000A\000u\000l\000a\000\040\0001\0007\000\040\000-\000\040\0000\0005\000/\0000\0004\000/\0002\0000\0002\0003}{}% 63
\BOOKMARK [2][-]{subsection.17.1}{\376\377\000O\000\040\000q\000u\000e\000\040\000e\000s\000p\000e\000r\000a\000r\000?}{section.17}% 64
\BOOKMARK [2][-]{subsection.17.2}{\376\377\000M\000o\000t\000i\000v\000a\000\347\000\365\000e\000s}{section.17}% 65
\BOOKMARK [2][-]{subsection.17.3}{\376\377\000C\000o\000m\000p\000a\000c\000t\000o\000s\000\040\000e\000\040\000C\000o\000b\000e\000r\000t\000u\000r\000a\000s}{section.17}% 66
\BOOKMARK [1][-]{section.18}{\376\377\000A\000u\000l\000a\000\040\0001\0008\000\040\000-\000\040\0001\0000\000/\0000\0005\000/\0002\0000\0002\0003}{}% 67
\BOOKMARK [2][-]{subsection.18.1}{\376\377\000O\000\040\000q\000u\000e\000\040\000e\000s\000p\000e\000r\000a\000r\000?}{section.18}% 68
\BOOKMARK [2][-]{subsection.18.2}{\376\377\000S\000e\000m\000i\000c\000o\000n\000t\000i\000n\000u\000i\000d\000a\000d\000e}{section.18}% 69
\BOOKMARK [2][-]{subsection.18.3}{\376\377\000M\000o\000t\000i\000v\000a\000\347\000\343\000o\000\040\000p\000a\000r\000a\000\040\000D\000i\000f\000e\000r\000e\000n\000c\000i\000a\000b\000i\000l\000i\000d\000a\000d\000e}{section.18}% 70
\BOOKMARK [3][-]{subsubsection.18.3.1}{\376\377\000F\000u\000n\000\347\000\343\000o\000\040\000L\000i\000n\000e\000a\000r}{subsection.18.3}% 71
\BOOKMARK [3][-]{subsubsection.18.3.2}{\376\377\000F\000u\000n\000\347\000\343\000o\000\040\000Q\000u\000a\000d\000r\000\341\000t\000i\000c\000a}{subsection.18.3}% 72
\BOOKMARK [2][-]{subsection.18.4}{\376\377\000D\000e\000r\000i\000v\000a\000d\000a\000s}{section.18}% 73
\BOOKMARK [1][-]{section.19}{\376\377\000A\000u\000l\000a\000\040\0001\0009\000\040\000-\000\040\0001\0002\000/\0000\0005\000/\0002\0000\0002\0003}{}% 74
\BOOKMARK [2][-]{subsection.19.1}{\376\377\000O\000\040\000q\000u\000e\000\040\000e\000s\000p\000e\000r\000a\000r\000?}{section.19}% 75
\BOOKMARK [2][-]{subsection.19.2}{\376\377\000F\000u\000n\000\347\000\365\000e\000s\000\040\000D\000e\000r\000i\000v\000\341\000v\000e\000i\000s\000\040\000e\000m\000\040\000I\000n\000t\000e\000r\000v\000a\000l\000o\000s}{section.19}% 76
\BOOKMARK [1][-]{section.20}{\376\377\000A\000u\000l\000a\000\040\0002\0000\000\040\000-\000\040\0001\0005\000/\0000\0005\000/\0002\0000\0002\0003}{}% 77
\BOOKMARK [2][-]{subsection.20.1}{\376\377\000O\000\040\000q\000u\000e\000\040\000e\000s\000p\000e\000r\000a\000r\000?}{section.20}% 78
\BOOKMARK [2][-]{subsection.20.2}{\376\377\000T\000e\000o\000r\000e\000m\000a\000\040\000d\000o\000\040\000V\000a\000l\000o\000r\000\040\000M\000\351\000d\000i\000o}{section.20}% 79
\BOOKMARK [2][-]{subsection.20.3}{\376\377\000F\000u\000n\000\347\000\365\000e\000s\000\040\000C\000o\000n\000v\000e\000x\000a\000s}{section.20}% 80
\BOOKMARK [1][-]{section.21}{\376\377\000A\000u\000l\000a\000\040\0002\0001\000\040\000-\000\040\0001\0007\000/\0000\0005\000/\0002\0000\0002\0003}{}% 81
\BOOKMARK [2][-]{subsection.21.1}{\376\377\000O\000\040\000q\000u\000e\000\040\000e\000s\000p\000e\000r\000a\000r\000?}{section.21}% 82
\BOOKMARK [2][-]{subsection.21.2}{\376\377\000F\000u\000n\000\347\000\365\000e\000s\000\040\000C\000o\000n\000v\000e\000x\000a\000s}{section.21}% 83
\BOOKMARK [2][-]{subsection.21.3}{\376\377\000F\000u\000n\000\347\000\365\000e\000s\000\040\000d\000e\000\040\000V\000a\000r\000i\000a\000\347\000\343\000o\000\040\000L\000i\000m\000i\000t\000a\000d\000a\000\040\000\050\000B\000V\000\051}{section.21}% 84
\BOOKMARK [1][-]{section.22}{\376\377\000A\000u\000l\000a\000\040\0002\0002\000\040\000-\000\040\0001\0009\000/\0000\0005\000/\0002\0000\0002\0003}{}% 85
\BOOKMARK [2][-]{subsection.22.1}{\376\377\000O\000\040\000q\000u\000e\000\040\000e\000s\000p\000e\000r\000a\000r\000?}{section.22}% 86
\BOOKMARK [2][-]{subsection.22.2}{\376\377\000M\000e\000d\000i\000d\000a\000\040\000E\000x\000t\000e\000r\000i\000o\000r}{section.22}% 87
\BOOKMARK [1][-]{section.23}{\376\377\000A\000u\000l\000a\000\040\0002\0003\000\040\000-\000\040\0002\0002\000/\0000\0005\000/\0002\0000\0002\0003}{}% 88
\BOOKMARK [2][-]{subsection.23.1}{\376\377\000O\000\040\000q\000u\000e\000\040\000e\000s\000p\000e\000r\000a\000r\000?}{section.23}% 89
\BOOKMARK [2][-]{subsection.23.2}{\376\377\000R\000e\000c\000o\000b\000r\000i\000m\000e\000n\000t\000o\000\040\000d\000e\000\040\000V\000i\000t\000a\000l\000i}{section.23}% 90
\BOOKMARK [1][-]{section.24}{\376\377\000A\000u\000l\000a\000\040\0002\0003\000\040\000-\000\040\0002\0004\000/\0000\0005\000/\0002\0000\0002\0003}{}% 91
\BOOKMARK [2][-]{subsection.24.1}{\376\377\000U\000s\000o\000s\000\040\000d\000o\000\040\000R\000e\000c\000o\000b\000r\000i\000m\000e\000n\000t\000o\000\040\000d\000e\000\040\000V\000i\000t\000a\000l\000i}{section.24}% 92
\BOOKMARK [1][-]{section.25}{\376\377\000A\000u\000l\000a\000\040\0002\0006\000\040\000-\000\040\0002\0009\000/\0000\0005\000/\0002\0000\0002\0003}{}% 93
\BOOKMARK [2][-]{subsection.25.1}{\376\377\000O\000\040\000q\000u\000e\000\040\000e\000s\000p\000e\000r\000a\000r\000?}{section.25}% 94
\BOOKMARK [2][-]{subsection.25.2}{\376\377\000M\000o\000t\000i\000v\000a\000\347\000\343\000o}{section.25}% 95
\BOOKMARK [2][-]{subsection.25.3}{\376\377\000A\000\040\000I\000n\000t\000e\000g\000r\000a\000l\000\040\000d\000e\000\040\000R\000i\000e\000m\000a\000n\000n}{section.25}% 96
\BOOKMARK [2][-]{subsection.25.4}{\376\377\000A\000\040\000I\000n\000t\000e\000g\000r\000a\000l\000\040\000d\000e\000\040\000R\000i\000e\000m\000a\000n\000n\000-\000S\000t\000i\000e\000l\000t\000j\000e\000s}{section.25}% 97
